{"/home/vinicius/dev/learn/climate-api/lib/mongodb.js":{"path":"/home/vinicius/dev/learn/climate-api/lib/mongodb.js","s":{"1":1,"2":1,"3":1,"4":1,"5":1,"6":1,"7":1,"8":1,"9":1,"10":0,"11":1,"12":0,"13":1,"14":0,"15":0},"b":{"1":[1,1]},"f":{},"fnMap":{},"statementMap":{"1":{"start":{"line":1,"column":0},"end":{"line":1,"column":36}},"2":{"start":{"line":3,"column":0},"end":{"line":7,"column":1}},"3":{"start":{"line":9,"column":0},"end":{"line":9,"column":32}},"4":{"start":{"line":11,"column":0},"end":{"line":11,"column":26}},"5":{"start":{"line":13,"column":0},"end":{"line":13,"column":29}},"6":{"start":{"line":15,"column":0},"end":{"line":15,"column":38}},"7":{"start":{"line":17,"column":0},"end":{"line":17,"column":74}},"8":{"start":{"line":17,"column":30},"end":{"line":17,"column":73}},"9":{"start":{"line":18,"column":0},"end":{"line":18,"column":73}},"10":{"start":{"line":18,"column":32},"end":{"line":18,"column":72}},"11":{"start":{"line":19,"column":0},"end":{"line":19,"column":86}},"12":{"start":{"line":19,"column":36},"end":{"line":19,"column":85}},"13":{"start":{"line":20,"column":0},"end":{"line":20,"column":67}},"14":{"start":{"line":20,"column":27},"end":{"line":20,"column":66}},"15":{"start":{"line":20,"column":50},"end":{"line":20,"column":65}}},"branchMap":{"1":{"line":6,"type":"binary-expr","locations":[{"start":{"line":6,"column":14},"end":{"line":6,"column":37}},{"start":{"line":6,"column":41},"end":{"line":6,"column":65}}]}}},"/home/vinicius/dev/learn/climate-api/app.js":{"path":"/home/vinicius/dev/learn/climate-api/app.js","s":{"1":1,"2":1,"3":1,"4":1,"5":1},"b":{},"f":{},"fnMap":{},"statementMap":{"1":{"start":{"line":1,"column":0},"end":{"line":1,"column":26}},"2":{"start":{"line":2,"column":0},"end":{"line":2,"column":44}},"3":{"start":{"line":3,"column":0},"end":{"line":3,"column":49}},"4":{"start":{"line":4,"column":0},"end":{"line":18,"column":48}},"5":{"start":{"line":20,"column":0},"end":{"line":20,"column":20}}},"branchMap":{}},"/home/vinicius/dev/learn/climate-api/lib/handle-error.js":{"path":"/home/vinicius/dev/learn/climate-api/lib/handle-error.js","s":{"1":1,"2":1,"3":4,"4":4,"5":4,"6":1,"7":1,"8":1,"9":1},"b":{"1":[1,3],"2":[1,0]},"f":{"1":1,"2":4},"fnMap":{"1":{"name":"(anonymous_1)","line":1,"loc":{"start":{"line":1,"column":17},"end":{"line":1,"column":29}}},"2":{"name":"(anonymous_2)","line":2,"loc":{"start":{"line":2,"column":9},"end":{"line":2,"column":27}}}},"statementMap":{"1":{"start":{"line":1,"column":0},"end":{"line":17,"column":1}},"2":{"start":{"line":2,"column":2},"end":{"line":16,"column":3}},"3":{"start":{"line":3,"column":4},"end":{"line":15,"column":5}},"4":{"start":{"line":4,"column":6},"end":{"line":4,"column":16}},"5":{"start":{"line":5,"column":6},"end":{"line":7,"column":7}},"6":{"start":{"line":6,"column":8},"end":{"line":6,"column":23}},"7":{"start":{"line":9,"column":6},"end":{"line":9,"column":39}},"8":{"start":{"line":10,"column":6},"end":{"line":13,"column":7}},"9":{"start":{"line":14,"column":6},"end":{"line":14,"column":12}}},"branchMap":{"1":{"line":5,"type":"if","locations":[{"start":{"line":5,"column":6},"end":{"line":5,"column":6}},{"start":{"line":5,"column":6},"end":{"line":5,"column":6}}]},"2":{"line":9,"type":"binary-expr","locations":[{"start":{"line":9,"column":20},"end":{"line":9,"column":32}},{"start":{"line":9,"column":36},"end":{"line":9,"column":39}}]}}},"/home/vinicius/dev/learn/climate-api/api/home/routes.js":{"path":"/home/vinicius/dev/learn/climate-api/api/home/routes.js","s":{"1":1,"2":1,"3":1,"4":1},"b":{},"f":{"1":1},"fnMap":{"1":{"name":"(anonymous_1)","line":6,"loc":{"start":{"line":6,"column":10},"end":{"line":6,"column":23}}}},"statementMap":{"1":{"start":{"line":1,"column":0},"end":{"line":1,"column":36}},"2":{"start":{"line":2,"column":0},"end":{"line":2,"column":40}},"3":{"start":{"line":4,"column":0},"end":{"line":11,"column":2}},"4":{"start":{"line":7,"column":2},"end":{"line":10,"column":3}}},"branchMap":{}},"/home/vinicius/dev/learn/climate-api/api/weather/routes.js":{"path":"/home/vinicius/dev/learn/climate-api/api/weather/routes.js","s":{"1":1,"2":1,"3":1,"4":0,"5":0,"6":1},"b":{},"f":{"1":0,"2":1},"fnMap":{"1":{"name":"(anonymous_1)","line":6,"loc":{"start":{"line":6,"column":27},"end":{"line":6,"column":40}}},"2":{"name":"(anonymous_2)","line":11,"loc":{"start":{"line":11,"column":10},"end":{"line":11,"column":23}}}},"statementMap":{"1":{"start":{"line":1,"column":0},"end":{"line":1,"column":36}},"2":{"start":{"line":2,"column":0},"end":{"line":2,"column":39}},"3":{"start":{"line":4,"column":0},"end":{"line":13,"column":2}},"4":{"start":{"line":7,"column":2},"end":{"line":7,"column":32}},"5":{"start":{"line":8,"column":2},"end":{"line":8,"column":52}},"6":{"start":{"line":12,"column":2},"end":{"line":12,"column":45}}},"branchMap":{}},"/home/vinicius/dev/learn/climate-api/api/weather/collection.js":{"path":"/home/vinicius/dev/learn/climate-api/api/weather/collection.js","s":{"1":1,"2":1,"3":1,"4":1,"5":1,"6":2,"7":2,"8":2,"9":2,"10":2,"11":1},"b":{},"f":{"1":1,"2":1,"3":2},"fnMap":{"1":{"name":"(anonymous_1)","line":6,"loc":{"start":{"line":6,"column":14},"end":{"line":6,"column":17}}},"2":{"name":"(anonymous_2)","line":34,"loc":{"start":{"line":34,"column":26},"end":{"line":34,"column":37}}},"3":{"name":"(anonymous_3)","line":38,"loc":{"start":{"line":38,"column":27},"end":{"line":38,"column":30}}}},"statementMap":{"1":{"start":{"line":1,"column":0},"end":{"line":1,"column":50}},"2":{"start":{"line":2,"column":0},"end":{"line":2,"column":36}},"3":{"start":{"line":3,"column":0},"end":{"line":3,"column":25}},"4":{"start":{"line":7,"column":4},"end":{"line":31,"column":6}},"5":{"start":{"line":35,"column":4},"end":{"line":35,"column":52}},"6":{"start":{"line":39,"column":4},"end":{"line":39,"column":80}},"7":{"start":{"line":40,"column":4},"end":{"line":43,"column":6}},"8":{"start":{"line":41,"column":6},"end":{"line":41,"column":35}},"9":{"start":{"line":42,"column":6},"end":{"line":42,"column":24}},"10":{"start":{"line":44,"column":4},"end":{"line":44,"column":25}},"11":{"start":{"line":48,"column":0},"end":{"line":48,"column":63}}},"branchMap":{}},"/home/vinicius/dev/learn/climate-api/api/locales/routes.js":{"path":"/home/vinicius/dev/learn/climate-api/api/locales/routes.js","s":{"1":1,"2":1,"3":1,"4":1,"5":1},"b":{},"f":{"1":1},"fnMap":{"1":{"name":"(anonymous_1)","line":6,"loc":{"start":{"line":6,"column":17},"end":{"line":6,"column":30}}}},"statementMap":{"1":{"start":{"line":1,"column":0},"end":{"line":1,"column":36}},"2":{"start":{"line":2,"column":0},"end":{"line":2,"column":39}},"3":{"start":{"line":4,"column":0},"end":{"line":9,"column":2}},"4":{"start":{"line":7,"column":2},"end":{"line":7,"column":34}},"5":{"start":{"line":8,"column":2},"end":{"line":8,"column":40}}},"branchMap":{}},"/home/vinicius/dev/learn/climate-api/api/locales/collection.js":{"path":"/home/vinicius/dev/learn/climate-api/api/locales/collection.js","s":{"1":1,"2":1,"3":1,"4":1,"5":9,"6":9,"7":4,"8":8,"9":4,"10":4,"11":1,"12":13,"13":13,"14":13,"15":8,"16":1},"b":{"1":[13,1]},"f":{"1":1,"2":9,"3":4,"4":4,"5":13,"6":8},"fnMap":{"1":{"name":"(anonymous_1)","line":6,"loc":{"start":{"line":6,"column":14},"end":{"line":6,"column":17}}},"2":{"name":"(anonymous_2)","line":17,"loc":{"start":{"line":17,"column":16},"end":{"line":17,"column":25}}},"3":{"name":"(anonymous_3)","line":22,"loc":{"start":{"line":22,"column":20},"end":{"line":22,"column":30}}},"4":{"name":"(anonymous_4)","line":26,"loc":{"start":{"line":26,"column":18},"end":{"line":26,"column":25}}},"5":{"name":"stripAccents","line":35,"loc":{"start":{"line":35,"column":0},"end":{"line":35,"column":28}}},"6":{"name":"(anonymous_6)","line":38,"loc":{"start":{"line":38,"column":38},"end":{"line":38,"column":55}}}},"statementMap":{"1":{"start":{"line":1,"column":0},"end":{"line":1,"column":50}},"2":{"start":{"line":2,"column":0},"end":{"line":2,"column":36}},"3":{"start":{"line":3,"column":0},"end":{"line":3,"column":25}},"4":{"start":{"line":7,"column":4},"end":{"line":14,"column":6}},"5":{"start":{"line":18,"column":4},"end":{"line":18,"column":65}},"6":{"start":{"line":19,"column":4},"end":{"line":19,"column":30}},"7":{"start":{"line":23,"column":4},"end":{"line":23,"column":59}},"8":{"start":{"line":23,"column":41},"end":{"line":23,"column":58}},"9":{"start":{"line":27,"column":4},"end":{"line":27,"column":75}},"10":{"start":{"line":28,"column":4},"end":{"line":31,"column":13}},"11":{"start":{"line":35,"column":0},"end":{"line":41,"column":1}},"12":{"start":{"line":36,"column":2},"end":{"line":36,"column":74}},"13":{"start":{"line":37,"column":2},"end":{"line":37,"column":71}},"14":{"start":{"line":38,"column":2},"end":{"line":40,"column":4}},"15":{"start":{"line":39,"column":4},"end":{"line":39,"column":63}},"16":{"start":{"line":43,"column":0},"end":{"line":43,"column":61}}},"branchMap":{"1":{"line":38,"type":"binary-expr","locations":[{"start":{"line":38,"column":10},"end":{"line":38,"column":13}},{"start":{"line":38,"column":17},"end":{"line":38,"column":19}}]}}}}