TN:
SF:/home/vinicius/dev/learn/climate-api/lib/mongodb.js
FNF:0
FNH:0
DA:1,1
DA:3,1
DA:9,1
DA:11,1
DA:13,1
DA:15,1
DA:17,1
DA:18,1
DA:19,1
DA:20,1
LF:10
LH:10
BRDA:6,1,0,1
BRDA:6,1,1,1
BRF:2
BRH:2
end_of_record
TN:
SF:/home/vinicius/dev/learn/climate-api/app.js
FNF:0
FNH:0
DA:1,1
DA:2,1
DA:3,1
DA:4,1
DA:20,1
LF:5
LH:5
BRF:0
BRH:0
end_of_record
TN:
SF:/home/vinicius/dev/learn/climate-api/lib/handle-error.js
FN:1,(anonymous_1)
FN:2,(anonymous_2)
FNF:2
FNH:2
FNDA:1,(anonymous_1)
FNDA:4,(anonymous_2)
DA:1,1
DA:2,1
DA:3,4
DA:4,4
DA:5,4
DA:6,1
DA:9,1
DA:10,1
DA:14,1
LF:9
LH:9
BRDA:5,1,0,1
BRDA:5,1,1,3
BRDA:9,2,0,1
BRDA:9,2,1,0
BRF:4
BRH:3
end_of_record
TN:
SF:/home/vinicius/dev/learn/climate-api/api/home/routes.js
FN:6,(anonymous_1)
FNF:1
FNH:1
FNDA:1,(anonymous_1)
DA:1,1
DA:2,1
DA:4,1
DA:7,1
LF:4
LH:4
BRF:0
BRH:0
end_of_record
TN:
SF:/home/vinicius/dev/learn/climate-api/api/weather/routes.js
FN:6,(anonymous_1)
FN:11,(anonymous_2)
FNF:2
FNH:1
FNDA:0,(anonymous_1)
FNDA:1,(anonymous_2)
DA:1,1
DA:2,1
DA:4,1
DA:7,0
DA:8,0
DA:12,1
LF:6
LH:4
BRF:0
BRH:0
end_of_record
TN:
SF:/home/vinicius/dev/learn/climate-api/api/weather/collection.js
FN:6,(anonymous_1)
FN:34,(anonymous_2)
FN:38,(anonymous_3)
FNF:3
FNH:3
FNDA:1,(anonymous_1)
FNDA:1,(anonymous_2)
FNDA:2,(anonymous_3)
DA:1,1
DA:2,1
DA:3,1
DA:7,1
DA:35,1
DA:39,2
DA:40,2
DA:41,2
DA:42,2
DA:44,2
DA:48,1
LF:11
LH:11
BRF:0
BRH:0
end_of_record
TN:
SF:/home/vinicius/dev/learn/climate-api/api/locales/routes.js
FN:6,(anonymous_1)
FNF:1
FNH:1
FNDA:1,(anonymous_1)
DA:1,1
DA:2,1
DA:4,1
DA:7,1
DA:8,1
LF:5
LH:5
BRF:0
BRH:0
end_of_record
TN:
SF:/home/vinicius/dev/learn/climate-api/api/locales/collection.js
FN:6,(anonymous_1)
FN:17,(anonymous_2)
FN:22,(anonymous_3)
FN:26,(anonymous_4)
FN:35,stripAccents
FN:38,(anonymous_6)
FNF:6
FNH:6
FNDA:1,(anonymous_1)
FNDA:9,(anonymous_2)
FNDA:4,(anonymous_3)
FNDA:4,(anonymous_4)
FNDA:13,stripAccents
FNDA:8,(anonymous_6)
DA:1,1
DA:2,1
DA:3,1
DA:7,1
DA:18,9
DA:19,9
DA:23,8
DA:27,4
DA:28,4
DA:35,1
DA:36,13
DA:37,13
DA:38,13
DA:39,8
DA:43,1
LF:15
LH:15
BRDA:38,1,0,13
BRDA:38,1,1,1
BRF:2
BRH:2
end_of_record
